<?xml version="1.0" encoding="UTF-8"?>
<testsuite name="serenity.CucumberTestSuite" time="141.211" tests="97" errors="0" skipped="0" failures="1">
  <properties>
    <property name="java.runtime.name" value="Java(TM) SE Runtime Environment"/>
    <property name="sun.boot.library.path" value="C:\Program Files\Java\jdk1.8.0_241\jre\bin"/>
    <property name="java.vm.version" value="25.241-b07"/>
    <property name="java.vm.vendor" value="Oracle Corporation"/>
    <property name="maven.multiModuleProjectDirectory" value="C:\Users\moinpreet.sethi\eclipse-workspace\TSA.gov"/>
    <property name="java.vendor.url" value="http://java.oracle.com/"/>
    <property name="path.separator" value=";"/>
    <property name="guice.disable.misplaced.annotation.check" value="true"/>
    <property name="java.vm.name" value="Java HotSpot(TM) 64-Bit Server VM"/>
    <property name="file.encoding.pkg" value="sun.io"/>
    <property name="user.script" value=""/>
    <property name="user.country" value="US"/>
    <property name="sun.java.launcher" value="SUN_STANDARD"/>
    <property name="sun.os.patch.level" value=""/>
    <property name="java.vm.specification.name" value="Java Virtual Machine Specification"/>
    <property name="user.dir" value="C:\Users\moinpreet.sethi\eclipse-workspace\TSA.gov"/>
    <property name="java.runtime.version" value="1.8.0_241-b07"/>
    <property name="java.awt.graphicsenv" value="sun.awt.Win32GraphicsEnvironment"/>
    <property name="java.endorsed.dirs" value="C:\Program Files\Java\jdk1.8.0_241\jre\lib\endorsed"/>
    <property name="os.arch" value="amd64"/>
    <property name="java.io.tmpdir" value="C:\Users\MOINPR~1.SET\AppData\Local\Temp\"/>
    <property name="line.separator" value="&#10;"/>
    <property name="java.vm.specification.vendor" value="Oracle Corporation"/>
    <property name="user.variant" value=""/>
    <property name="os.name" value="Windows 10"/>
    <property name="classworlds.conf" value="C:\Users\moinpreet.sethi\eclipse-workspace\.metadata\.plugins\org.eclipse.m2e.launching\launches\m2conf9130519068360368599.tmp"/>
    <property name="sun.jnu.encoding" value="Cp1252"/>
    <property name="java.library.path" value="C:\Program Files\Java\jdk1.8.0_241\bin;C:\WINDOWS\Sun\Java\bin;C:\WINDOWS\system32;C:\WINDOWS;C:/Program Files/Java/jre1.8.0_241/bin/server;C:/Program Files/Java/jre1.8.0_241/bin;C:/Program Files/Java/jre1.8.0_241/lib/amd64;C:\Program Files (x86)\Common Files\Oracle\Java\javapath;C:\windows\system32;C:\windows;C:\windows\System32\Wbem;C:\windows\System32\WindowsPowerShell\v1.0\;C:\windows\System32\OpenSSH\;C:\Program Files (x86)\NVIDIA Corporation\PhysX\Common;%JAVA_HOME%\bin;%M2_HOME%\bin;C:\Users\moinpreet.sethi\Application Browsers;C:\Program Files\Git\cmd;C:\WINDOWS\system32;C:\WINDOWS;C:\WINDOWS\System32\Wbem;C:\WINDOWS\System32\WindowsPowerShell\v1.0\;C:\WINDOWS\System32\OpenSSH\;C:\Users\moinpreet.sethi\AppData\Local\Microsoft\WindowsApps;C:\Users\moinpreet.sethi\gradle-6.1.1-all\gradle-6.1.1\bin;C:\Users\moinpreet.sethi\apache-maven-3.6.3-bin\apache-maven-3.6.3\bin;C:\Users\moinpreet.sethi\AppData\Local\GitHubDesktop\bin;C:\Users\moinpreet.sethi\AppData\Local\atom\bin;C:\Users\moinpreet.sethi\eclipse;;."/>
    <property name="java.specification.name" value="Java Platform API Specification"/>
    <property name="java.class.version" value="52.0"/>
    <property name="sun.management.compiler" value="HotSpot 64-Bit Tiered Compilers"/>
    <property name="os.version" value="10.0"/>
    <property name="user.home" value="C:\Users\moinpreet.sethi"/>
    <property name="user.timezone" value="America/New_York"/>
    <property name="java.awt.printerjob" value="sun.awt.windows.WPrinterJob"/>
    <property name="java.specification.version" value="1.8"/>
    <property name="file.encoding" value="Cp1252"/>
    <property name="user.name" value="moinpreet.sethi"/>
    <property name="java.class.path" value="C:\Users\moinpreet.sethi\eclipse\plugins\org.eclipse.m2e.maven.runtime_1.14.0.20191209-1923\jars\plexus-classworlds-2.6.0.jar"/>
    <property name="java.vm.specification.version" value="1.8"/>
    <property name="sun.arch.data.model" value="64"/>
    <property name="java.home" value="C:\Program Files\Java\jdk1.8.0_241\jre"/>
    <property name="sun.java.command" value="org.codehaus.plexus.classworlds.launcher.Launcher -B clean verify serenity:aggregate"/>
    <property name="java.specification.vendor" value="Oracle Corporation"/>
    <property name="user.language" value="en"/>
    <property name="awt.toolkit" value="sun.awt.windows.WToolkit"/>
    <property name="java.vm.info" value="mixed mode"/>
    <property name="java.version" value="1.8.0_241"/>
    <property name="java.ext.dirs" value="C:\Program Files\Java\jdk1.8.0_241\jre\lib\ext;C:\WINDOWS\Sun\Java\lib\ext"/>
    <property name="sun.boot.class.path" value="C:\Program Files\Java\jdk1.8.0_241\jre\lib\resources.jar;C:\Program Files\Java\jdk1.8.0_241\jre\lib\rt.jar;C:\Program Files\Java\jdk1.8.0_241\jre\lib\sunrsasign.jar;C:\Program Files\Java\jdk1.8.0_241\jre\lib\jsse.jar;C:\Program Files\Java\jdk1.8.0_241\jre\lib\jce.jar;C:\Program Files\Java\jdk1.8.0_241\jre\lib\charsets.jar;C:\Program Files\Java\jdk1.8.0_241\jre\lib\jfr.jar;C:\Program Files\Java\jdk1.8.0_241\jre\classes"/>
    <property name="java.vendor" value="Oracle Corporation"/>
    <property name="maven.home" value="C:\Users\moinpreet.sethi\eclipse-workspace\TSA.gov\EMBEDDED"/>
    <property name="file.separator" value="\"/>
    <property name="java.vendor.url.bug" value="http://bugreport.sun.com/bugreport/"/>
    <property name="sun.cpu.endian" value="little"/>
    <property name="sun.io.unicode.encoding" value="UnicodeLittle"/>
    <property name="sun.desktop" value="windows"/>
    <property name="sun.cpu.isalist" value="amd64"/>
  </properties>
  <testcase name="As user I want to access all pages under About section" classname="About section regression test" time="19.611"/>
  <testcase name="As user I want to access all pages under About section" classname="About section regression test" time="18.807"/>
  <testcase name="As user I want to access all pages under About section" classname="About section regression test" time="16.999"/>
  <testcase name="As user I want to access all pages under About section" classname="About section regression test" time="17.775"/>
  <testcase name="As user I want to access all pages under About section" classname="About section regression test" time="14.331"/>
  <testcase name="As user I want to access all pages under About section" classname="About section regression test" time="15.081"/>
  <testcase name="As user I want to access all pages under About section" classname="About section regression test" time="21.173"/>
  <testcase name="As user I want to access all links in the footer" classname="Footer Regression" time="16.594"/>
  <testcase name="As user I want to access all links in the footer" classname="Footer Regression" time="12.28"/>
  <testcase name="As user I want to access all links in the footer" classname="Footer Regression" time="14.415"/>
  <testcase name="As user I want to access all links in the footer" classname="Footer Regression" time="11.916"/>
  <testcase name="As user I want to access all links in the footer" classname="Footer Regression" time="12.291"/>
  <testcase name="As user I want to access all links in the footer" classname="Footer Regression" time="16.281"/>
  <testcase name="As user I want to access all links in the footer" classname="Footer Regression" time="15.361"/>
  <testcase name="As user I want to access all links in the footer" classname="Footer Regression" time="14.392"/>
  <testcase name="As user I want to access all links in the footer" classname="Footer Regression" time="13.327"/>
  <testcase name="As user I want to access all links in the footer" classname="Footer Regression" time="12.006"/>
  <testcase name="As user I want to access all links in the footer" classname="Footer Regression" time="11.63"/>
  <testcase name="As user I want to access all links in the footer" classname="Footer Regression" time="21.005"/>
  <testcase name="As user I want to access TSA.gov application" classname="Access TSA.gov" time="15.281">
    <failure type="java.lang.AssertionError:">java.lang.AssertionError: null
	at TSAGOV.glue.TSAGOVHomePageSmokeGlue.user_would_see_section_on_the_page(TSAGOVHomePageSmokeGlue.java:30)
	at âœ½.user would see Header section on the page(src/test/resources/TSAGOVFeatures/TSAGOVHomePageSmoke.feature:6)
</failure>
    <system-err><![CDATA[296924 [main] INFO net.thucydides.core.steps.ConsoleLoggingListener - 
 _____ _____ ____ _____   ____ _____  _    ____ _____ _____ ____  
|_   _| ____/ ___|_   _| / ___|_   _|/ \  |  _ \_   _| ____|  _ \ 
  | | |  _| \___ \ | |   \___ \ | | / _ \ | |_) || | |  _| | | | |
  | | | |___ ___) || |    ___) || |/ ___ \|  _ < | | | |___| |_| |
  |_| |_____|____/ |_|   |____/ |_/_/   \_\_| \_\|_| |_____|____/ 
                                                                  

TEST STARTED: As user I want to access TSA.gov application
-------------------------------------------------------------------(access-tsa.gov;as-user-i-want-to-access-tsa.gov-application)
Mar 18, 2020 8:43:09 AM org.openqa.selenium.remote.DesiredCapabilities chrome
INFO: Using `new ChromeOptions()` is preferred to `DesiredCapabilities.chrome()`
297093 [main] INFO net.serenitybdd.core.webdriver.driverproviders.ProvideNewDriver - Instantiating driver
297093 [main] INFO net.serenitybdd.core.webdriver.driverproviders.ProvideNewDriver - Driver capabilities: Capabilities {acceptInsecureCerts: false, browserName: chrome, goog:chromeOptions: {args: [--enable-automation, --test-type], extensions: []}, loggingPrefs: org.openqa.selenium.logging..., platform: ANY, version: }
Starting ChromeDriver 79.0.3945.36 (3582db32b33893869b8c1339e8f4d9ed1816f143-refs/branch-heads/3945@{#614}) on port 42693
Only local connections are allowed.
Please protect ports used by ChromeDriver and related test frameworks to prevent access by malicious code.
[1584535390.915][WARNING]: This version of ChromeDriver has not been tested with Chrome version 80.
[1584535392.918][WARNING]: Timed out connecting to Chrome, retrying...
Mar 18, 2020 8:43:14 AM org.openqa.selenium.remote.ProtocolHandshake createSession
INFO: Detected dialect: W3C
312141 [main] ERROR net.thucydides.core.steps.ConsoleLoggingListener - 
           __  _____ _____ ____ _____   _____ _    ___ _     _____ ____  
  _       / / |_   _| ____/ ___|_   _| |  ___/ \  |_ _| |   | ____|  _ \ 
 (_)_____| |    | | |  _| \___ \ | |   | |_ / _ \  | || |   |  _| | | | |
  _|_____| |    | | | |___ ___) || |   |  _/ ___ \ | || |___| |___| |_| |
 (_)     | |    |_| |_____|____/ |_|   |_|/_/   \_\___|_____|_____|____/ 
          \_\                                                            

TEST FAILED: As user I want to access TSA.gov application
--------------------------------------------------------------------------
312202 [main] ERROR net.thucydides.core.steps.ConsoleLoggingListener - TEST FAILED AT STEP Then user would see Header section on the page
312202 [main] ERROR net.thucydides.core.steps.ConsoleLoggingListener - 
]]></system-err>
  </testcase>
  <testcase name="As user I want to access TSA.gov application" classname="Access TSA.gov" time="11.645"/>
  <testcase name="As user I want to access TSA.gov application" classname="Access TSA.gov" time="24.158"/>
  <testcase name="As user I want to access all pages under Industry section" classname="Industry section regression test" time="26.063"/>
  <testcase name="As user I want to access all pages under Industry section" classname="Industry section regression test" time="15.191"/>
  <testcase name="As user I want to access all pages under Industry section" classname="Industry section regression test" time="20.482"/>
  <testcase name="As user I want to access all pages under Industry section" classname="Industry section regression test" time="18.801"/>
  <testcase name="As user I want to access all pages under Industry section" classname="Industry section regression test" time="19.912"/>
  <testcase name="As user I want to access all pages under Industry section" classname="Industry section regression test" time="21.272"/>
  <testcase name="As user I want to access all pages under Industry section" classname="Industry section regression test" time="19.504"/>
  <testcase name="As user I want to access all pages under Industry section" classname="Industry section regression test" time="17.128"/>
  <testcase name="As user I want to access all pages under Industry section" classname="Industry section regression test" time="22.246"/>
  <testcase name="As user I want to access all pages under Industry section" classname="Industry section regression test" time="40.136"/>
  <testcase name="As user I want to access all pages under Industry section" classname="Industry section regression test" time="24.69"/>
  <testcase name="As user I want to access all pages under Industry section" classname="Industry section regression test" time="26.083"/>
  <testcase name="As user I want to access all pages under Industry section" classname="Industry section regression test" time="16.441"/>
  <testcase name="As user I want to access all pages under Industry section" classname="Industry section regression test" time="23.77"/>
  <testcase name="As user I want to access all pages under Industry section" classname="Industry section regression test" time="27.633"/>
  <testcase name="As user I want to access all pages under Industry section" classname="Industry section regression test" time="17.235"/>
  <testcase name="As user I want to access all pages under Industry section" classname="Industry section regression test" time="17.082"/>
  <testcase name="As user I want to access all pages under Industry section" classname="Industry section regression test" time="73.355"/>
  <testcase name="As user I want to access all pages under Media section" classname="Media section regression test" time="13.362"/>
  <testcase name="As user I want to access all pages under Media section" classname="Media section regression test" time="11.306"/>
  <testcase name="As user I want to access all pages under Media section" classname="Media section regression test" time="14.775"/>
  <testcase name="As user I want to access all pages under Media section" classname="Media section regression test" time="15.635"/>
  <testcase name="As user I want to access all pages under Media section" classname="Media section regression test" time="18.938"/>
  <testcase name="As user I want to access all pages under Media section" classname="Media section regression test" time="17.365"/>
  <testcase name="As user I want to access all pages under Media section" classname="Media section regression test" time="18.274"/>
  <testcase name="As user I want to access all pages under Media section" classname="Media section regression test" time="18.611"/>
  <testcase name="As user I want to access all pages under Media section" classname="Media section regression test" time="23.14"/>
  <testcase name="As user I want to access all pages under Media section" classname="Media section regression test" time="80.845"/>
  <testcase name="As user I want to search on various pages" classname="Search Functionality regression test" time="21.402"/>
  <testcase name="As user I want to search on various pages" classname="Search Functionality regression test" time="29.583"/>
  <testcase name="As user I want to search on various pages" classname="Search Functionality regression test" time="23.048"/>
  <testcase name="As user I want to search on various pages" classname="Search Functionality regression test" time="19.234"/>
  <testcase name="As user I want to search on various pages" classname="Search Functionality regression test" time="22.548"/>
  <testcase name="As user I want to search on various pages" classname="Search Functionality regression test" time="29.629"/>
  <testcase name="As user I want to search on various pages" classname="Search Functionality regression test" time="24.57"/>
  <testcase name="As user I want to search on various pages" classname="Search Functionality regression test" time="21.415"/>
  <testcase name="As user I want to search on various pages" classname="Search Functionality regression test" time="22.667"/>
  <testcase name="As user I want to search on various pages" classname="Search Functionality regression test" time="18.341"/>
  <testcase name="As user I want to search on various pages" classname="Search Functionality regression test" time="30.6"/>
  <testcase name="As user I want to search on various pages" classname="Search Functionality regression test" time="94.287"/>
  <testcase name="As user I want to access all pages under Travel section" classname="Travel section regression test" time="13.439"/>
  <testcase name="As user I want to access all pages under Travel section" classname="Travel section regression test" time="18.922"/>
  <testcase name="As user I want to access all pages under Travel section" classname="Travel section regression test" time="18.234"/>
  <testcase name="As user I want to access all pages under Travel section" classname="Travel section regression test" time="17.049"/>
  <testcase name="As user I want to access all pages under Travel section" classname="Travel section regression test" time="18.307"/>
  <testcase name="As user I want to access all pages under Travel section" classname="Travel section regression test" time="18.474"/>
  <testcase name="As user I want to access all pages under Travel section" classname="Travel section regression test" time="35.375"/>
  <testcase name="As user I want to access all pages under Travel section" classname="Travel section regression test" time="22.088"/>
  <testcase name="As user I want to access all pages under Travel section" classname="Travel section regression test" time="16.829"/>
  <testcase name="As user I want to access all pages under Travel section" classname="Travel section regression test" time="17.607"/>
  <testcase name="As user I want to access all pages under Travel section" classname="Travel section regression test" time="17.769"/>
  <testcase name="As user I want to access all pages under Travel section" classname="Travel section regression test" time="17.867"/>
  <testcase name="As user I want to access all pages under Travel section" classname="Travel section regression test" time="19.232"/>
  <testcase name="As user I want to access all pages under Travel section" classname="Travel section regression test" time="17.575"/>
  <testcase name="As user I want to access all pages under Travel section" classname="Travel section regression test" time="15.742"/>
  <testcase name="As user I want to access all pages under Travel section" classname="Travel section regression test" time="14.312"/>
  <testcase name="As user I want to access all pages under Travel section" classname="Travel section regression test" time="19.664"/>
  <testcase name="As user I want to access all pages under Travel section" classname="Travel section regression test" time="22.049"/>
  <testcase name="As user I want to access all pages under Travel section" classname="Travel section regression test" time="72.646"/>
  <testcase name="As user I want to access all pages under Travel section" classname="Travel section regression test" time="13.928"/>
  <testcase name="As user I want to access all pages under Travel section" classname="Travel section regression test" time="14.324"/>
  <testcase name="As user I want to access all pages under Travel section" classname="Travel section regression test" time="13.808"/>
  <testcase name="As user I want to access all pages under Travel section" classname="Travel section regression test" time="14.822"/>
  <testcase name="As user I want to access all pages under Travel section" classname="Travel section regression test" time="14.818"/>
  <testcase name="As user I want to access all pages under Travel section" classname="Travel section regression test" time="13.807"/>
  <testcase name="As user I want to access all pages under Travel section" classname="Travel section regression test" time="165.185"/>
  <testcase name="As user I want to access all pages on What Can I Bring? section" classname="What can I Bring? section regression test" time="15.459"/>
  <testcase name="As user I want to access all pages on What Can I Bring? section" classname="What can I Bring? section regression test" time="14.27"/>
  <testcase name="As user I want to access all pages on What Can I Bring? section" classname="What can I Bring? section regression test" time="17.335"/>
  <testcase name="As user I want to access all pages on What Can I Bring? section" classname="What can I Bring? section regression test" time="17.953"/>
  <testcase name="As user I want to access all pages on What Can I Bring? section" classname="What can I Bring? section regression test" time="15.669"/>
  <testcase name="As user I want to access all pages on What Can I Bring? section" classname="What can I Bring? section regression test" time="16.572"/>
  <testcase name="As user I want to access all pages on What Can I Bring? section" classname="What can I Bring? section regression test" time="14.81"/>
  <testcase name="As user I want to access all pages on What Can I Bring? section" classname="What can I Bring? section regression test" time="14.22"/>
  <testcase name="As user I want to access all pages on What Can I Bring? section" classname="What can I Bring? section regression test" time="156.299"/>
</testsuite>