<?xml version="1.0" encoding="UTF-8"?>
<testsuite name="serenity.CucumberTestSuite" time="165.347" tests="35" errors="0" skipped="0" failures="1">
  <properties>
    <property name="java.runtime.name" value="Java(TM) SE Runtime Environment"/>
    <property name="sun.boot.library.path" value="C:\Program Files\Java\jdk1.8.0_241\jre\bin"/>
    <property name="java.vm.version" value="25.241-b07"/>
    <property name="java.vm.vendor" value="Oracle Corporation"/>
    <property name="maven.multiModuleProjectDirectory" value="C:\Users\moinpreet.sethi\eclipse-workspace\TSA.gov"/>
    <property name="java.vendor.url" value="http://java.oracle.com/"/>
    <property name="path.separator" value=";"/>
    <property name="guice.disable.misplaced.annotation.check" value="true"/>
    <property name="java.vm.name" value="Java HotSpot(TM) 64-Bit Server VM"/>
    <property name="file.encoding.pkg" value="sun.io"/>
    <property name="user.script" value=""/>
    <property name="user.country" value="US"/>
    <property name="sun.java.launcher" value="SUN_STANDARD"/>
    <property name="sun.os.patch.level" value=""/>
    <property name="java.vm.specification.name" value="Java Virtual Machine Specification"/>
    <property name="user.dir" value="C:\Users\moinpreet.sethi\eclipse-workspace\TSA.gov"/>
    <property name="java.runtime.version" value="1.8.0_241-b07"/>
    <property name="java.awt.graphicsenv" value="sun.awt.Win32GraphicsEnvironment"/>
    <property name="java.endorsed.dirs" value="C:\Program Files\Java\jdk1.8.0_241\jre\lib\endorsed"/>
    <property name="os.arch" value="amd64"/>
    <property name="java.io.tmpdir" value="C:\Users\MOINPR~1.SET\AppData\Local\Temp\"/>
    <property name="line.separator" value="&#10;"/>
    <property name="java.vm.specification.vendor" value="Oracle Corporation"/>
    <property name="user.variant" value=""/>
    <property name="os.name" value="Windows 10"/>
    <property name="classworlds.conf" value="C:\Users\moinpreet.sethi\eclipse-workspace\.metadata\.plugins\org.eclipse.m2e.launching\launches\m2conf1556572395779713666.tmp"/>
    <property name="sun.jnu.encoding" value="Cp1252"/>
    <property name="java.library.path" value="C:\Program Files\Java\jdk1.8.0_241\bin;C:\WINDOWS\Sun\Java\bin;C:\WINDOWS\system32;C:\WINDOWS;C:/Program Files/Java/jre1.8.0_241/bin/server;C:/Program Files/Java/jre1.8.0_241/bin;C:/Program Files/Java/jre1.8.0_241/lib/amd64;C:\Program Files (x86)\Common Files\Oracle\Java\javapath;C:\windows\system32;C:\windows;C:\windows\System32\Wbem;C:\windows\System32\WindowsPowerShell\v1.0\;C:\windows\System32\OpenSSH\;C:\Program Files (x86)\NVIDIA Corporation\PhysX\Common;%JAVA_HOME%\bin;%M2_HOME%\bin;C:\Users\moinpreet.sethi\Application Browsers;C:\Program Files\Git\cmd;C:\WINDOWS\system32;C:\WINDOWS;C:\WINDOWS\System32\Wbem;C:\WINDOWS\System32\WindowsPowerShell\v1.0\;C:\WINDOWS\System32\OpenSSH\;C:\Users\moinpreet.sethi\AppData\Local\Microsoft\WindowsApps;C:\Users\moinpreet.sethi\gradle-6.1.1-all\gradle-6.1.1\bin;C:\Users\moinpreet.sethi\apache-maven-3.6.3-bin\apache-maven-3.6.3\bin;;C:\Users\moinpreet.sethi\eclipse;;."/>
    <property name="java.specification.name" value="Java Platform API Specification"/>
    <property name="java.class.version" value="52.0"/>
    <property name="sun.management.compiler" value="HotSpot 64-Bit Tiered Compilers"/>
    <property name="os.version" value="10.0"/>
    <property name="user.home" value="C:\Users\moinpreet.sethi"/>
    <property name="user.timezone" value="America/New_York"/>
    <property name="java.awt.printerjob" value="sun.awt.windows.WPrinterJob"/>
    <property name="java.specification.version" value="1.8"/>
    <property name="file.encoding" value="Cp1252"/>
    <property name="user.name" value="moinpreet.sethi"/>
    <property name="java.class.path" value="C:\Users\moinpreet.sethi\eclipse\plugins\org.eclipse.m2e.maven.runtime_1.14.0.20191209-1923\jars\plexus-classworlds-2.6.0.jar"/>
    <property name="java.vm.specification.version" value="1.8"/>
    <property name="sun.arch.data.model" value="64"/>
    <property name="java.home" value="C:\Program Files\Java\jdk1.8.0_241\jre"/>
    <property name="sun.java.command" value="org.codehaus.plexus.classworlds.launcher.Launcher -B clean verify serenity:aggregate"/>
    <property name="java.specification.vendor" value="Oracle Corporation"/>
    <property name="user.language" value="en"/>
    <property name="awt.toolkit" value="sun.awt.windows.WToolkit"/>
    <property name="java.vm.info" value="mixed mode"/>
    <property name="java.version" value="1.8.0_241"/>
    <property name="java.ext.dirs" value="C:\Program Files\Java\jdk1.8.0_241\jre\lib\ext;C:\WINDOWS\Sun\Java\lib\ext"/>
    <property name="sun.boot.class.path" value="C:\Program Files\Java\jdk1.8.0_241\jre\lib\resources.jar;C:\Program Files\Java\jdk1.8.0_241\jre\lib\rt.jar;C:\Program Files\Java\jdk1.8.0_241\jre\lib\sunrsasign.jar;C:\Program Files\Java\jdk1.8.0_241\jre\lib\jsse.jar;C:\Program Files\Java\jdk1.8.0_241\jre\lib\jce.jar;C:\Program Files\Java\jdk1.8.0_241\jre\lib\charsets.jar;C:\Program Files\Java\jdk1.8.0_241\jre\lib\jfr.jar;C:\Program Files\Java\jdk1.8.0_241\jre\classes"/>
    <property name="java.vendor" value="Oracle Corporation"/>
    <property name="maven.home" value="C:\Users\moinpreet.sethi\eclipse-workspace\TSA.gov\EMBEDDED"/>
    <property name="file.separator" value="\"/>
    <property name="java.vendor.url.bug" value="http://bugreport.sun.com/bugreport/"/>
    <property name="sun.cpu.endian" value="little"/>
    <property name="sun.io.unicode.encoding" value="UnicodeLittle"/>
    <property name="sun.desktop" value="windows"/>
    <property name="sun.cpu.isalist" value="amd64"/>
  </properties>
  <testcase name="As user I want to access all pages under About section" classname="About section regression test" time="18.938"/>
  <testcase name="As user I want to access all pages under About section" classname="About section regression test" time="15.214"/>
  <testcase name="As user I want to access all pages under About section" classname="About section regression test" time="13.708"/>
  <testcase name="As user I want to access all pages under About section" classname="About section regression test" time="14.24"/>
  <testcase name="As user I want to access all pages under About section" classname="About section regression test" time="15.05"/>
  <testcase name="As user I want to access all pages under About section" classname="About section regression test" time="21.126"/>
  <testcase name="As user I want to login to the TSA.gov application" classname="login into TSA.gov" time="8.258"/>
  <testcase name="As user I want to access  pages under Passenger Support section" classname="Passenger Support section regression test" time="16.679"/>
  <testcase name="As user I want to access  pages under Passenger Support section" classname="Passenger Support section regression test" time="16.517"/>
  <testcase name="As user I want to access  pages under Passenger Support section" classname="Passenger Support section regression test" time="24.106"/>
  <testcase name="As user I want to access pages under Security Screening section" classname="Security Screening section regression test" time="17.675"/>
  <testcase name="As user I want to access pages under Security Screening section" classname="Security Screening section regression test" time="18.041"/>
  <testcase name="As user I want to access pages under Security Screening section" classname="Security Screening section regression test" time="22.823"/>
  <testcase name="As user I want to access pages under Security Screening section" classname="Security Screening section regression test" time="28.208"/>
  <testcase name="As user I want to access FAQsection" classname="Travel FAQ section regression test" time="21.924"/>
  <testcase name="As user I want to access all pages on Travel Tips section" classname="Travel Tips section regression test" time="21.224"/>
  <testcase name="As user I want to access all pages under TSAPre section" classname="TSAPre section regression test" time="13.99"/>
  <testcase name="As user I want to access all pages under TSAPre section" classname="TSAPre section regression test" time="18.905">
    <failure type="java.lang.AssertionError:">java.lang.AssertionError: null
	at TSAGOV.glue.travel.TSAGOVTsaPreRegressionGlue.all_pages_under_TSAPre_are_accessible(TSAGOVTsaPreRegressionGlue.java:69)
	at âœ½.page Schedule under TSAPre section is accessible(src/test/resources/TSAGOVFeatures/TSAGOVTsaPreRegression.feature:8)
</failure>
    <system-err><![CDATA[Feb 25, 2020 12:04:13 PM org.openqa.selenium.remote.DesiredCapabilities chrome
INFO: Using `new ChromeOptions()` is preferred to `DesiredCapabilities.chrome()`
309616 [main] INFO net.serenitybdd.core.webdriver.driverproviders.ProvideNewDriver - Instantiating driver
309616 [main] INFO net.serenitybdd.core.webdriver.driverproviders.ProvideNewDriver - Driver capabilities: Capabilities {acceptInsecureCerts: false, browserName: chrome, goog:chromeOptions: {args: [--enable-automation, --test-type], extensions: []}, loggingPrefs: org.openqa.selenium.logging..., platform: ANY, version: }
Starting ChromeDriver 79.0.3945.36 (3582db32b33893869b8c1339e8f4d9ed1816f143-refs/branch-heads/3945@{#614}) on port 43270
Only local connections are allowed.
Please protect ports used by ChromeDriver and related test frameworks to prevent access by malicious code.
[1582650254.191][WARNING]: This version of ChromeDriver has not been tested with Chrome version 80.
[1582650256.194][WARNING]: Timed out connecting to Chrome, retrying...
Feb 25, 2020 12:04:18 PM org.openqa.selenium.remote.ProtocolHandshake createSession
INFO: Detected dialect: W3C
328277 [main] ERROR net.thucydides.core.steps.ConsoleLoggingListener - 
           __  _____ _____ ____ _____   _____ _    ___ _     _____ ____  
  _       / / |_   _| ____/ ___|_   _| |  ___/ \  |_ _| |   | ____|  _ \ 
 (_)_____| |    | | |  _| \___ \ | |   | |_ / _ \  | || |   |  _| | | | |
  _|_____| |    | | | |___ ___) || |   |  _/ ___ \ | || |___| |___| |_| |
 (_)     | |    |_| |_____|____/ |_|   |_|/_/   \_\___|_____|_____|____/ 
          \_\                                                            

TEST FAILED: As user I want to access all pages under TSAPre section
--------------------------------------------------------------------------
328340 [main] ERROR net.thucydides.core.steps.ConsoleLoggingListener - TEST FAILED AT STEP And page Schedule under TSAPre section is accessible
328340 [main] ERROR net.thucydides.core.steps.ConsoleLoggingListener - 
]]></system-err>
  </testcase>
  <testcase name="As user I want to access all pages under TSAPre section" classname="TSAPre section regression test" time="19.573"/>
  <testcase name="As user I want to access all pages under TSAPre section" classname="TSAPre section regression test" time="22.99"/>
  <testcase name="As user I want to access all pages on What Can I Bring? section" classname="What can I Bring? section regression test" time="21.576"/>
  <testcase name="As user I want to access all pages on What Can I Bring? section" classname="What can I Bring? section regression test" time="39.071"/>
  <testcase name="As user I want to access all pages on What Can I Bring? section" classname="What can I Bring? section regression test" time="24.805"/>
  <testcase name="As user I want to access all pages on What Can I Bring? section" classname="What can I Bring? section regression test" time="23.949"/>
  <testcase name="As user I want to access all pages on What Can I Bring? section" classname="What can I Bring? section regression test" time="18.299"/>
  <testcase name="As user I want to access all pages on What Can I Bring? section" classname="What can I Bring? section regression test" time="24.283"/>
  <testcase name="As user I want to access all pages on What Can I Bring? section" classname="What can I Bring? section regression test" time="20.905"/>
  <testcase name="As user I want to access all pages on What Can I Bring? section" classname="What can I Bring? section regression test" time="19.741"/>
  <testcase name="As user I want to access all pages on What Can I Bring? section" classname="What can I Bring? section regression test" time="29.41"/>
  <testcase name="As user I want to access all pages under Special Procedure section" classname="Special Procedures section regression test" time="25.083"/>
  <testcase name="As user I want to access all pages under Special Procedure section" classname="Special Procedures section regression test" time="22.509"/>
  <testcase name="As user I want to access all pages under Special Procedure section" classname="Special Procedures section regression test" time="22.668"/>
  <testcase name="As user I want to access all pages under Special Procedure section" classname="Special Procedures section regression test" time="16.987"/>
  <testcase name="As user I want to access all pages under Special Procedure section" classname="Special Procedures section regression test" time="18.07"/>
  <testcase name="As user I want to access all pages under Special Procedure section" classname="Special Procedures section regression test" time="28.428"/>
</testsuite>